[01m[K/home/kurisaw/Desktop/catkin_ws/src/my_serial_node/src/my_serial_node.cpp:12:12:[m[K [01;31m[Kerror: [m[Kâ€˜[01m[KPose[m[Kâ€™ in namespace â€˜[01m[Kturtlesim[m[Kâ€™ does not name a type
   12 | turtlesim::[01;31m[KPose[m[K previous_pose;
      |            [01;31m[K^~~~[m[K
[01m[K/home/kurisaw/Desktop/catkin_ws/src/my_serial_node/src/my_serial_node.cpp:13:1:[m[K [01;31m[Kerror: [m[Kâ€˜[01m[Kros[m[Kâ€™ does not name a type; did you mean â€˜[01m[Kcos[m[Kâ€™?
   13 | [01;31m[Kros[m[K::Time previous_time;
      | [01;31m[K^~~[m[K
      | [32m[Kcos[m[K
[01m[K/home/kurisaw/Desktop/catkin_ws/src/my_serial_node/src/my_serial_node.cpp:[m[K In function â€˜[01m[Kvoid sendData(const char*, int)[m[Kâ€™:
[01m[K/home/kurisaw/Desktop/catkin_ws/src/my_serial_node/src/my_serial_node.cpp:20:9:[m[K [01;31m[Kerror: [m[Kâ€˜[01m[KROS_ERROR[m[Kâ€™ was not declared in this scope
   20 |         [01;31m[KROS_ERROR[m[K("Failed to open serial port");
      |         [01;31m[K^~~~~~~~~[m[K
[01m[K/home/kurisaw/Desktop/catkin_ws/src/my_serial_node/src/my_serial_node.cpp:[m[K At global scope:
[01m[K/home/kurisaw/Desktop/catkin_ws/src/my_serial_node/src/my_serial_node.cpp:46:36:[m[K [01;31m[Kerror: [m[Kâ€˜[01m[KPose[m[Kâ€™ in namespace â€˜[01m[Kturtlesim[m[Kâ€™ does not name a type
   46 | void poseCallback(const turtlesim::[01;31m[KPose[m[K::ConstPtr& msg) {
      |                                    [01;31m[K^~~~[m[K
[01m[K/home/kurisaw/Desktop/catkin_ws/src/my_serial_node/src/my_serial_node.cpp:46:50:[m[K [01;31m[Kerror: [m[Kexpected unqualified-id before â€˜[01m[K&[m[Kâ€™ token
   46 | void poseCallback(const turtlesim::Pose::ConstPtr[01;31m[K&[m[K msg) {
      |                                                  [01;31m[K^[m[K
[01m[K/home/kurisaw/Desktop/catkin_ws/src/my_serial_node/src/my_serial_node.cpp:46:50:[m[K [01;31m[Kerror: [m[Kexpected â€˜[01m[K)[m[Kâ€™ before â€˜[01m[K&[m[Kâ€™ token
   46 | void poseCallback[34m[K([m[Kconst turtlesim::Pose::ConstPtr[01;31m[K&[m[K msg) {
      |                  [34m[K~[m[K                               [01;31m[K^[m[K
      |                                                  [32m[K)[m[K
[01m[K/home/kurisaw/Desktop/catkin_ws/src/my_serial_node/src/my_serial_node.cpp:46:52:[m[K [01;31m[Kerror: [m[Kexpected initializer before â€˜[01m[Kmsg[m[Kâ€™
   46 | void poseCallback(const turtlesim::Pose::ConstPtr& [01;31m[Kmsg[m[K) {
      |                                                    [01;31m[K^~~[m[K
[01m[K/home/kurisaw/Desktop/catkin_ws/src/my_serial_node/src/my_serial_node.cpp:[m[K In function â€˜[01m[Kint main(int, char**)[m[Kâ€™:
[01m[K/home/kurisaw/Desktop/catkin_ws/src/my_serial_node/src/my_serial_node.cpp:72:5:[m[K [01;31m[Kerror: [m[Kâ€˜[01m[Kros[m[Kâ€™ has not been declared
   72 |     [01;31m[Kros[m[K::init(argc, argv, "turtle_pose_publisher");
      |     [01;31m[K^~~[m[K
[01m[K/home/kurisaw/Desktop/catkin_ws/src/my_serial_node/src/my_serial_node.cpp:73:5:[m[K [01;31m[Kerror: [m[Kâ€˜[01m[Kros[m[Kâ€™ has not been declared
   73 |     [01;31m[Kros[m[K::NodeHandle nh;
      |     [01;31m[K^~~[m[K
[01m[K/home/kurisaw/Desktop/catkin_ws/src/my_serial_node/src/my_serial_node.cpp:76:5:[m[K [01;31m[Kerror: [m[Kâ€˜[01m[Kros[m[Kâ€™ has not been declared
   76 |     [01;31m[Kros[m[K::Subscriber sub = nh.subscribe("turtle1/pose", 1000, poseCallback);
      |     [01;31m[K^~~[m[K
[01m[K/home/kurisaw/Desktop/catkin_ws/src/my_serial_node/src/my_serial_node.cpp:79:5:[m[K [01;31m[Kerror: [m[Kâ€˜[01m[Kros[m[Kâ€™ has not been declared
   79 |     [01;31m[Kros[m[K::spin();
      |     [01;31m[K^~~[m[K
make[2]: *** [CMakeFiles/serial_node.dir/build.make:76: CMakeFiles/serial_node.dir/src/my_serial_node.cpp.o] Error 1
make[1]: *** [CMakeFiles/Makefile2:137: CMakeFiles/serial_node.dir/all] Error 2
make: *** [Makefile:146: all] Error 2
