[0.973s] Invoking command in '/home/kurisaw/Desktop/catkin_ws/build/my_serial_node': CMAKE_PREFIX_PATH=${CMAKE_PREFIX_PATH}:/opt/ros/foxy /usr/bin/cmake --build /home/kurisaw/Desktop/catkin_ws/build/my_serial_node -- -j4 -l4
[1.202s] [ 50%] [32mBuilding CXX object CMakeFiles/serial_node.dir/src/my_serial_node.cpp.o[0m
[8.287s] [01m[K/home/kurisaw/Desktop/catkin_ws/src/my_serial_node/src/my_serial_node.cpp:12:12:[m[K [01;31m[Kerror: [m[Kâ€˜[01m[KPose[m[Kâ€™ in namespace â€˜[01m[Kturtlesim[m[Kâ€™ does not name a type
[8.290s]    12 | turtlesim::[01;31m[KPose[m[K previous_pose;
[8.290s]       |            [01;31m[K^~~~[m[K
[8.291s] [01m[K/home/kurisaw/Desktop/catkin_ws/src/my_serial_node/src/my_serial_node.cpp:13:1:[m[K [01;31m[Kerror: [m[Kâ€˜[01m[Kros[m[Kâ€™ does not name a type; did you mean â€˜[01m[Kcos[m[Kâ€™?
[8.291s]    13 | [01;31m[Kros[m[K::Time previous_time;
[8.291s]       | [01;31m[K^~~[m[K
[8.291s]       | [32m[Kcos[m[K
[8.311s] [01m[K/home/kurisaw/Desktop/catkin_ws/src/my_serial_node/src/my_serial_node.cpp:[m[K In function â€˜[01m[Kvoid sendData(const char*, int)[m[Kâ€™:
[8.312s] [01m[K/home/kurisaw/Desktop/catkin_ws/src/my_serial_node/src/my_serial_node.cpp:20:9:[m[K [01;31m[Kerror: [m[Kâ€˜[01m[KROS_ERROR[m[Kâ€™ was not declared in this scope
[8.312s]    20 |         [01;31m[KROS_ERROR[m[K("Failed to open serial port");
[8.312s]       |         [01;31m[K^~~~~~~~~[m[K
[8.313s] [01m[K/home/kurisaw/Desktop/catkin_ws/src/my_serial_node/src/my_serial_node.cpp:[m[K At global scope:
[8.313s] [01m[K/home/kurisaw/Desktop/catkin_ws/src/my_serial_node/src/my_serial_node.cpp:46:36:[m[K [01;31m[Kerror: [m[Kâ€˜[01m[KPose[m[Kâ€™ in namespace â€˜[01m[Kturtlesim[m[Kâ€™ does not name a type
[8.313s]    46 | void poseCallback(const turtlesim::[01;31m[KPose[m[K::ConstPtr& msg) {
[8.313s]       |                                    [01;31m[K^~~~[m[K
[8.314s] [01m[K/home/kurisaw/Desktop/catkin_ws/src/my_serial_node/src/my_serial_node.cpp:46:50:[m[K [01;31m[Kerror: [m[Kexpected unqualified-id before â€˜[01m[K&[m[Kâ€™ token
[8.314s]    46 | void poseCallback(const turtlesim::Pose::ConstPtr[01;31m[K&[m[K msg) {
[8.314s]       |                                                  [01;31m[K^[m[K
[8.314s] [01m[K/home/kurisaw/Desktop/catkin_ws/src/my_serial_node/src/my_serial_node.cpp:46:50:[m[K [01;31m[Kerror: [m[Kexpected â€˜[01m[K)[m[Kâ€™ before â€˜[01m[K&[m[Kâ€™ token
[8.315s]    46 | void poseCallback[34m[K([m[Kconst turtlesim::Pose::ConstPtr[01;31m[K&[m[K msg) {
[8.315s]       |                  [34m[K~[m[K                               [01;31m[K^[m[K
[8.316s]       |                                                  [32m[K)[m[K
[8.316s] [01m[K/home/kurisaw/Desktop/catkin_ws/src/my_serial_node/src/my_serial_node.cpp:46:52:[m[K [01;31m[Kerror: [m[Kexpected initializer before â€˜[01m[Kmsg[m[Kâ€™
[8.316s]    46 | void poseCallback(const turtlesim::Pose::ConstPtr& [01;31m[Kmsg[m[K) {
[8.316s]       |                                                    [01;31m[K^~~[m[K
[8.316s] [01m[K/home/kurisaw/Desktop/catkin_ws/src/my_serial_node/src/my_serial_node.cpp:[m[K In function â€˜[01m[Kint main(int, char**)[m[Kâ€™:
[8.317s] [01m[K/home/kurisaw/Desktop/catkin_ws/src/my_serial_node/src/my_serial_node.cpp:72:5:[m[K [01;31m[Kerror: [m[Kâ€˜[01m[Kros[m[Kâ€™ has not been declared
[8.317s]    72 |     [01;31m[Kros[m[K::init(argc, argv, "turtle_pose_publisher");
[8.317s]       |     [01;31m[K^~~[m[K
[8.317s] [01m[K/home/kurisaw/Desktop/catkin_ws/src/my_serial_node/src/my_serial_node.cpp:73:5:[m[K [01;31m[Kerror: [m[Kâ€˜[01m[Kros[m[Kâ€™ has not been declared
[8.317s]    73 |     [01;31m[Kros[m[K::NodeHandle nh;
[8.318s]       |     [01;31m[K^~~[m[K
[8.318s] [01m[K/home/kurisaw/Desktop/catkin_ws/src/my_serial_node/src/my_serial_node.cpp:76:5:[m[K [01;31m[Kerror: [m[Kâ€˜[01m[Kros[m[Kâ€™ has not been declared
[8.318s]    76 |     [01;31m[Kros[m[K::Subscriber sub = nh.subscribe("turtle1/pose", 1000, poseCallback);
[8.331s]       |     [01;31m[K^~~[m[K
[8.332s] [01m[K/home/kurisaw/Desktop/catkin_ws/src/my_serial_node/src/my_serial_node.cpp:79:5:[m[K [01;31m[Kerror: [m[Kâ€˜[01m[Kros[m[Kâ€™ has not been declared
[8.332s]    79 |     [01;31m[Kros[m[K::spin();
[8.332s]       |     [01;31m[K^~~[m[K
[9.398s] make[2]: *** [CMakeFiles/serial_node.dir/build.make:76: CMakeFiles/serial_node.dir/src/my_serial_node.cpp.o] Error 1
[9.408s] make[1]: *** [CMakeFiles/Makefile2:137: CMakeFiles/serial_node.dir/all] Error 2
[9.409s] make: *** [Makefile:146: all] Error 2
[9.414s] Invoked command in '/home/kurisaw/Desktop/catkin_ws/build/my_serial_node' returned '2': CMAKE_PREFIX_PATH=${CMAKE_PREFIX_PATH}:/opt/ros/foxy /usr/bin/cmake --build /home/kurisaw/Desktop/catkin_ws/build/my_serial_node -- -j4 -l4
