[1.041s] Invoking command in '/home/kurisaw/Desktop/catkin_ws/build/my_serial_node': CMAKE_PREFIX_PATH=${CMAKE_PREFIX_PATH}:/opt/ros/foxy /usr/bin/cmake --build /home/kurisaw/Desktop/catkin_ws/build/my_serial_node -- -j4 -l4
[1.203s] [35m[1mConsolidate compiler generated dependencies of target serial_node[0m
[1.342s] [ 50%] [32mBuilding CXX object CMakeFiles/serial_node.dir/src/my_serial_node.cpp.o[0m
[7.491s] [01m[K/home/kurisaw/Desktop/catkin_ws/src/my_serial_node/src/my_serial_node.cpp:[m[K In function â€˜[01m[Kvoid sendMessage(float, float)[m[Kâ€™:
[7.492s] [01m[K/home/kurisaw/Desktop/catkin_ws/src/my_serial_node/src/my_serial_node.cpp:38:32:[m[K [01;31m[Kerror: [m[Kâ€˜[01m[Kx[m[Kâ€™ is not a member of â€˜[01m[Kstd[m[Kâ€™
[7.493s]    38 |     std::string message = std::[01;31m[Kx[m[K + "," + std::y;
[7.493s]       |                                [01;31m[K^[m[K
[7.493s] [01m[K/home/kurisaw/Desktop/catkin_ws/src/my_serial_node/src/my_serial_node.cpp:38:47:[m[K [01;31m[Kerror: [m[Kâ€˜[01m[Ky[m[Kâ€™ is not a member of â€˜[01m[Kstd[m[Kâ€™
[7.493s]    38 |     std::string message = std::x + "," + std::[01;31m[Ky[m[K;
[7.493s]       |                                               [01;31m[K^[m[K
[7.494s] [01m[K/home/kurisaw/Desktop/catkin_ws/src/my_serial_node/src/my_serial_node.cpp:44:22:[m[K [01;31m[Kerror: [m[Kcannot convert â€˜[01m[Kstd::string[m[Kâ€™ {aka â€˜[01m[Kstd::__cxx11::basic_string<char>[m[Kâ€™} to â€˜[01m[Kconst void*[m[Kâ€™
[7.494s]    44 |     write(serial_fd, [01;31m[Kmessage[m[K, message.length());
[7.494s]       |                      [01;31m[K^~~~~~~[m[K
[7.495s]       |                      [01;31m[K|[m[K
[7.495s]       |                      [01;31m[Kstd::string {aka std::__cxx11::basic_string<char>}[m[K
[7.495s] In file included from [01m[K/home/kurisaw/Desktop/catkin_ws/src/my_serial_node/src/my_serial_node.cpp:4[m[K:
[7.495s] [01m[K/usr/include/unistd.h:366:45:[m[K [01;36m[Knote: [m[K  initializing argument 2 of â€˜[01m[Kssize_t write(int, const void*, size_t)[m[Kâ€™
[7.496s]   366 | extern ssize_t write (int __fd, [01;36m[Kconst void *__buf[m[K, size_t __n) __wur;
[7.496s]       |                                 [01;36m[K~~~~~~~~~~~~^~~~~[m[K
[7.496s] [01m[K/home/kurisaw/Desktop/catkin_ws/src/my_serial_node/src/my_serial_node.cpp:36:24:[m[K [01;35m[Kwarning: [m[Kunused parameter â€˜[01m[Kx[m[Kâ€™ [[01;35m[K-Wunused-parameter[m[K]
[7.497s]    36 | void sendMessage([01;35m[Kfloat x[m[K, float y) {
[7.497s]       |                  [01;35m[K~~~~~~^[m[K
[7.497s] [01m[K/home/kurisaw/Desktop/catkin_ws/src/my_serial_node/src/my_serial_node.cpp:36:33:[m[K [01;35m[Kwarning: [m[Kunused parameter â€˜[01m[Ky[m[Kâ€™ [[01;35m[K-Wunused-parameter[m[K]
[7.498s]    36 | void sendMessage(float x, [01;35m[Kfloat y[m[K) {
[7.498s]       |                           [01;35m[K~~~~~~^[m[K
[11.128s] make[2]: *** [CMakeFiles/serial_node.dir/build.make:76: CMakeFiles/serial_node.dir/src/my_serial_node.cpp.o] Error 1
[11.129s] make[1]: *** [CMakeFiles/Makefile2:137: CMakeFiles/serial_node.dir/all] Error 2
[11.135s] make: *** [Makefile:146: all] Error 2
[11.151s] Invoked command in '/home/kurisaw/Desktop/catkin_ws/build/my_serial_node' returned '2': CMAKE_PREFIX_PATH=${CMAKE_PREFIX_PATH}:/opt/ros/foxy /usr/bin/cmake --build /home/kurisaw/Desktop/catkin_ws/build/my_serial_node -- -j4 -l4
