[1.039s] Invoking command in '/home/kurisaw/Desktop/catkin_ws/build/my_serial_node': CMAKE_PREFIX_PATH=${CMAKE_PREFIX_PATH}:/opt/ros/foxy /usr/bin/cmake --build /home/kurisaw/Desktop/catkin_ws/build/my_serial_node -- -j4 -l4
[1.200s] [35m[1mConsolidate compiler generated dependencies of target serial_node[0m
[1.355s] [ 50%] [32mBuilding CXX object CMakeFiles/serial_node.dir/src/my_serial_node.cpp.o[0m
[7.831s] [01m[K/home/kurisaw/Desktop/catkin_ws/src/my_serial_node/src/my_serial_node.cpp:[m[K In function â€˜[01m[Kvoid sendMessage(float, float)[m[Kâ€™:
[7.833s] [01m[K/home/kurisaw/Desktop/catkin_ws/src/my_serial_node/src/my_serial_node.cpp:38:10:[m[K [01;31m[Kerror: [m[Kexpected unqualified-id before â€˜[01m[Kfloat[m[Kâ€™
[7.833s]    38 |     std::[01;31m[Kfloat[m[K message = std::x + "," + std::y;
[7.833s]       |          [01;31m[K^~~~~[m[K
[7.843s] [01m[K/home/kurisaw/Desktop/catkin_ws/src/my_serial_node/src/my_serial_node.cpp:44:22:[m[K [01;31m[Kerror: [m[Kâ€˜[01m[Kmessage[m[Kâ€™ was not declared in this scope
[7.843s]    44 |     write(serial_fd, [01;31m[Kmessage[m[K, message.length());
[7.844s]       |                      [01;31m[K^~~~~~~[m[K
[7.844s] [01m[K/home/kurisaw/Desktop/catkin_ws/src/my_serial_node/src/my_serial_node.cpp:36:24:[m[K [01;35m[Kwarning: [m[Kunused parameter â€˜[01m[Kx[m[Kâ€™ [[01;35m[K-Wunused-parameter[m[K]
[7.845s]    36 | void sendMessage([01;35m[Kfloat x[m[K, float y) {
[7.845s]       |                  [01;35m[K~~~~~~^[m[K
[7.845s] [01m[K/home/kurisaw/Desktop/catkin_ws/src/my_serial_node/src/my_serial_node.cpp:36:33:[m[K [01;35m[Kwarning: [m[Kunused parameter â€˜[01m[Ky[m[Kâ€™ [[01;35m[K-Wunused-parameter[m[K]
[7.846s]    36 | void sendMessage(float x, [01;35m[Kfloat y[m[K) {
[7.846s]       |                           [01;35m[K~~~~~~^[m[K
[11.339s] make[2]: *** [CMakeFiles/serial_node.dir/build.make:76: CMakeFiles/serial_node.dir/src/my_serial_node.cpp.o] Error 1
[11.341s] make[1]: *** [CMakeFiles/Makefile2:137: CMakeFiles/serial_node.dir/all] Error 2
[11.357s] make: *** [Makefile:146: all] Error 2
[11.371s] Invoked command in '/home/kurisaw/Desktop/catkin_ws/build/my_serial_node' returned '2': CMAKE_PREFIX_PATH=${CMAKE_PREFIX_PATH}:/opt/ros/foxy /usr/bin/cmake --build /home/kurisaw/Desktop/catkin_ws/build/my_serial_node -- -j4 -l4
